<?xml version="1.0" encoding="UTF-8"?>
<testng-results ignored="0" total="1" passed="1" failed="0" skipped="0">
  <reporter-output>
  </reporter-output>
  <suite started-at="2024-08-15T17:29:31 IST" name="Default suite" finished-at="2024-08-15T17:29:44 IST" duration-ms="12381">
    <groups>
    </groups>
    <test started-at="2024-08-15T17:29:31 IST" name="Default test" finished-at="2024-08-15T17:29:44 IST" duration-ms="12381">
      <class name="testng.TestngSample">
        <test-method signature="loginPage()[pri:0, instance:testng.TestngSample@290222c1]" started-at="2024-08-15T17:29:31 IST" name="loginPage" finished-at="2024-08-15T17:29:44 IST" duration-ms="12294" status="PASS">
          <reporter-output>
          </reporter-output>
        </test-method> <!-- loginPage -->
      </class> <!-- testng.TestngSample -->
    </test> <!-- Default test -->
  </suite> <!-- Default suite -->
</testng-results>
