<?xml version="1.0" encoding="UTF-8"?>
<testng-results ignored="0" total="1" passed="1" failed="0" skipped="0">
  <reporter-output>
  </reporter-output>
  <suite started-at="2024-10-23T17:24:46 IST" name="Default suite" finished-at="2024-10-23T17:25:04 IST" duration-ms="17455">
    <groups>
    </groups>
    <test started-at="2024-10-23T17:24:46 IST" name="Default test" finished-at="2024-10-23T17:25:04 IST" duration-ms="17455">
      <class name="runner.CreateOpportunity_TC001">
        <test-method is-config="true" signature="preconditions()[pri:0, instance:runner.CreateOpportunity_TC001@1b11171f]" started-at="2024-10-23T17:24:46 IST" name="preconditions" finished-at="2024-10-23T17:24:50 IST" duration-ms="3731" status="PASS">
          <reporter-output>
          </reporter-output>
        </test-method> <!-- preconditions -->
        <test-method signature="runner()[pri:0, instance:runner.CreateOpportunity_TC001@1b11171f]" started-at="2024-10-23T17:24:50 IST" name="runner" finished-at="2024-10-23T17:25:03 IST" duration-ms="13426" status="PASS">
          <reporter-output>
          </reporter-output>
        </test-method> <!-- runner -->
        <test-method is-config="true" signature="postcondtions()[pri:0, instance:runner.CreateOpportunity_TC001@1b11171f]" started-at="2024-10-23T17:25:03 IST" name="postcondtions" finished-at="2024-10-23T17:25:04 IST" duration-ms="251" status="PASS">
          <reporter-output>
          </reporter-output>
        </test-method> <!-- postcondtions -->
      </class> <!-- runner.CreateOpportunity_TC001 -->
    </test> <!-- Default test -->
  </suite> <!-- Default suite -->
</testng-results>
